2025-05-01 22:05:04,564 - INFO - Successfully read the YAML file
2025-05-01 22:05:04,564 - INFO - Data Ingestion started with my_mlproject_bucket01 and file is  Hotel_Reservations.csv
2025-05-01 22:05:04,564 - INFO - Starting data ingestion process
2025-05-01 22:05:12,297 - INFO - CSV file is sucesfully downloaded to artifacts/raw/raw.csv
2025-05-01 22:05:12,298 - INFO - Starting the splitting process
2025-05-01 22:05:12,498 - INFO - Train data saved to artifacts/raw/train.csv
2025-05-01 22:05:12,498 - INFO - Test data saved to artifacts/raw/test.csv
2025-05-01 22:05:12,500 - INFO - Data ingestion completed sucesfully
2025-05-01 22:05:12,500 - INFO - Data ingestion completed
2025-05-01 22:05:12,501 - INFO - Successfully read the YAML file
2025-05-01 22:05:12,501 - INFO - Loading data from RAW directory
2025-05-01 22:05:12,501 - INFO - Loading data
2025-05-01 22:05:12,531 - INFO - Loading data
2025-05-01 22:05:12,539 - INFO - Starting our Data Processing step
2025-05-01 22:05:12,539 - INFO - Dropping the columns
2025-05-01 22:05:12,552 - INFO - Applying Label Encoding
2025-05-01 22:05:12,562 - INFO - Label Mappings are : 
2025-05-01 22:05:12,562 - INFO - type_of_meal_plan : {'Meal Plan 1': np.int64(0), 'Meal Plan 2': np.int64(1), 'Meal Plan 3': np.int64(2), 'Not Selected': np.int64(3)}
2025-05-01 22:05:12,562 - INFO - required_car_parking_space : {np.int64(0): np.int64(0), np.int64(1): np.int64(1)}
2025-05-01 22:05:12,562 - INFO - room_type_reserved : {'Room_Type 1': np.int64(0), 'Room_Type 2': np.int64(1), 'Room_Type 3': np.int64(2), 'Room_Type 4': np.int64(3), 'Room_Type 5': np.int64(4), 'Room_Type 6': np.int64(5), 'Room_Type 7': np.int64(6)}
2025-05-01 22:05:12,562 - INFO - market_segment_type : {'Aviation': np.int64(0), 'Complementary': np.int64(1), 'Corporate': np.int64(2), 'Offline': np.int64(3), 'Online': np.int64(4)}
2025-05-01 22:05:12,562 - INFO - repeated_guest : {np.int64(0): np.int64(0), np.int64(1): np.int64(1)}
2025-05-01 22:05:12,562 - INFO - booking_status : {'Canceled': np.int64(0), 'Not_Canceled': np.int64(1)}
2025-05-01 22:05:12,562 - INFO - Doing Skewness HAndling
2025-05-01 22:05:12,564 - INFO - Starting our Data Processing step
2025-05-01 22:05:12,564 - INFO - Dropping the columns
2025-05-01 22:05:12,567 - INFO - Applying Label Encoding
2025-05-01 22:05:12,570 - INFO - Label Mappings are : 
2025-05-01 22:05:12,570 - INFO - type_of_meal_plan : {'Meal Plan 1': np.int64(0), 'Meal Plan 2': np.int64(1), 'Meal Plan 3': np.int64(2), 'Not Selected': np.int64(3)}
2025-05-01 22:05:12,570 - INFO - required_car_parking_space : {np.int64(0): np.int64(0), np.int64(1): np.int64(1)}
2025-05-01 22:05:12,570 - INFO - room_type_reserved : {'Room_Type 1': np.int64(0), 'Room_Type 2': np.int64(1), 'Room_Type 3': np.int64(2), 'Room_Type 4': np.int64(3), 'Room_Type 5': np.int64(4), 'Room_Type 6': np.int64(5), 'Room_Type 7': np.int64(6)}
2025-05-01 22:05:12,570 - INFO - market_segment_type : {'Aviation': np.int64(0), 'Complementary': np.int64(1), 'Corporate': np.int64(2), 'Offline': np.int64(3), 'Online': np.int64(4)}
2025-05-01 22:05:12,570 - INFO - repeated_guest : {np.int64(0): np.int64(0), np.int64(1): np.int64(1)}
2025-05-01 22:05:12,570 - INFO - booking_status : {'Canceled': np.int64(0), 'Not_Canceled': np.int64(1)}
2025-05-01 22:05:12,570 - INFO - Doing Skewness HAndling
2025-05-01 22:05:12,571 - INFO - Handling Imbalanced Data
2025-05-01 22:05:12,665 - INFO - Data balanced sucesffuly
2025-05-01 22:05:12,665 - INFO - Handling Imbalanced Data
2025-05-01 22:05:12,676 - INFO - Data balanced sucesffuly
2025-05-01 22:05:12,676 - INFO - Starting our Feature selection step
2025-05-01 22:05:14,856 - INFO - Features selected : ['lead_time' 'no_of_special_requests' 'avg_price_per_room' 'arrival_month'
 'arrival_date' 'market_segment_type' 'no_of_week_nights'
 'no_of_weekend_nights' 'type_of_meal_plan' 'room_type_reserved']
2025-05-01 22:05:14,857 - INFO - Feature slection completed sucesfully
2025-05-01 22:05:14,860 - INFO - Saving our data in processed folder
2025-05-01 22:05:14,907 - INFO - Data saved sucesfuly to artifacts/processed/processed_train.csv
2025-05-01 22:05:14,907 - INFO - Saving our data in processed folder
2025-05-01 22:05:14,920 - INFO - Data saved sucesfuly to artifacts/processed/processed_test.csv
2025-05-01 22:05:14,920 - INFO - Data processing completed sucesfully
2025-05-01 22:05:15,233 - INFO - Starting our Model Training pipeline
2025-05-01 22:05:15,233 - INFO - Starting our MLFLOW experimentation
2025-05-01 22:05:15,233 - INFO - Logging the training and testing datset to MLFLOW
2025-05-01 22:05:15,236 - INFO - Loading data from artifacts/processed/processed_train.csv
2025-05-01 22:05:15,236 - INFO - Loading data
2025-05-01 22:05:15,250 - INFO - Loading data from artifacts/processed/processed_test.csv
2025-05-01 22:05:15,250 - INFO - Loading data
2025-05-01 22:05:15,254 - INFO - Data splitted sucefully for Model Training
2025-05-01 22:05:15,254 - INFO - Intializing our model
2025-05-01 22:05:15,254 - INFO - Starting our Hyperparamter tuning
2025-05-01 22:05:15,254 - INFO - Starting our Hyperparamter tuning
2025-05-01 22:05:43,289 - INFO - Hyperparamter tuning completed
2025-05-01 22:05:43,290 - INFO - Best paramters are : {'boosting_type': 'gbdt', 'learning_rate': np.float64(0.1293700315892974), 'max_depth': 23, 'n_estimators': 314, 'num_leaves': 94}
2025-05-01 22:05:43,290 - INFO - Evaluating our model
2025-05-01 22:05:43,338 - INFO - Accuracy Score : 0.8806183115338883
2025-05-01 22:05:43,338 - INFO - Precision Score : 0.863667348329925
2025-05-01 22:05:43,338 - INFO - Recall Score : 0.9039239001189061
2025-05-01 22:05:43,338 - INFO - F1 Score : 0.8833372066000464
2025-05-01 22:05:43,338 - INFO - saving the model
2025-05-01 22:05:43,362 - INFO - Model saved to artifacts/models/lgbm_model.pkl
2025-05-01 22:05:43,362 - INFO - Logging the model into MLFLOW
2025-05-01 22:05:43,369 - INFO - Logging Params and metrics to MLFLOW
2025-05-01 22:05:43,378 - INFO - Model Training sucesfullly completed
